<?xml version="1.0" encoding="UTF-8"?>
<testsuite xmlns:xsi="http://www.w3.org/2001/XMLSchema-instance" xsi:noNamespaceSchemaLocation="https://maven.apache.org/surefire/maven-surefire-plugin/xsd/surefire-test-report.xsd" name="com.gupaoedu.AppTests" time="81.363" tests="1" errors="0" skipped="0" failures="0">
  <properties>
    <property name="sun.desktop" value="windows"/>
    <property name="awt.toolkit" value="sun.awt.windows.WToolkit"/>
    <property name="file.encoding.pkg" value="sun.io"/>
    <property name="java.specification.version" value="1.8"/>
    <property name="sun.cpu.isalist" value="amd64"/>
    <property name="sun.jnu.encoding" value="GBK"/>
    <property name="java.class.path" value="C:\Users\suncong\Desktop\RabbitMQ-代码\springboot-project\springboot-rabbit-consumer\target\test-classes;C:\Users\suncong\Desktop\RabbitMQ-代码\springboot-project\springboot-rabbit-consumer\target\classes;D:\environment\apache-maven-3.6.3\repository\org\springframework\boot\spring-boot-starter-amqp\2.0.6.RELEASE\spring-boot-starter-amqp-2.0.6.RELEASE.jar;D:\environment\apache-maven-3.6.3\repository\org\springframework\boot\spring-boot-starter\2.0.6.RELEASE\spring-boot-starter-2.0.6.RELEASE.jar;D:\environment\apache-maven-3.6.3\repository\org\springframework\boot\spring-boot\2.0.6.RELEASE\spring-boot-2.0.6.RELEASE.jar;D:\environment\apache-maven-3.6.3\repository\org\springframework\boot\spring-boot-autoconfigure\2.0.6.RELEASE\spring-boot-autoconfigure-2.0.6.RELEASE.jar;D:\environment\apache-maven-3.6.3\repository\org\springframework\boot\spring-boot-starter-logging\2.0.6.RELEASE\spring-boot-starter-logging-2.0.6.RELEASE.jar;D:\environment\apache-maven-3.6.3\repository\ch\qos\logback\logback-classic\1.2.3\logback-classic-1.2.3.jar;D:\environment\apache-maven-3.6.3\repository\ch\qos\logback\logback-core\1.2.3\logback-core-1.2.3.jar;D:\environment\apache-maven-3.6.3\repository\org\apache\logging\log4j\log4j-to-slf4j\2.10.0\log4j-to-slf4j-2.10.0.jar;D:\environment\apache-maven-3.6.3\repository\org\apache\logging\log4j\log4j-api\2.10.0\log4j-api-2.10.0.jar;D:\environment\apache-maven-3.6.3\repository\org\slf4j\jul-to-slf4j\1.7.25\jul-to-slf4j-1.7.25.jar;D:\environment\apache-maven-3.6.3\repository\javax\annotation\javax.annotation-api\1.3.2\javax.annotation-api-1.3.2.jar;D:\environment\apache-maven-3.6.3\repository\org\yaml\snakeyaml\1.19\snakeyaml-1.19.jar;D:\environment\apache-maven-3.6.3\repository\org\springframework\spring-messaging\5.0.10.RELEASE\spring-messaging-5.0.10.RELEASE.jar;D:\environment\apache-maven-3.6.3\repository\org\springframework\spring-beans\5.0.10.RELEASE\spring-beans-5.0.10.RELEASE.jar;D:\environment\apache-maven-3.6.3\repository\org\springframework\amqp\spring-rabbit\2.0.8.RELEASE\spring-rabbit-2.0.8.RELEASE.jar;D:\environment\apache-maven-3.6.3\repository\org\springframework\amqp\spring-amqp\2.0.8.RELEASE\spring-amqp-2.0.8.RELEASE.jar;D:\environment\apache-maven-3.6.3\repository\org\springframework\retry\spring-retry\1.2.2.RELEASE\spring-retry-1.2.2.RELEASE.jar;D:\environment\apache-maven-3.6.3\repository\com\rabbitmq\amqp-client\5.4.3\amqp-client-5.4.3.jar;D:\environment\apache-maven-3.6.3\repository\org\springframework\spring-context\5.0.10.RELEASE\spring-context-5.0.10.RELEASE.jar;D:\environment\apache-maven-3.6.3\repository\org\springframework\spring-aop\5.0.10.RELEASE\spring-aop-5.0.10.RELEASE.jar;D:\environment\apache-maven-3.6.3\repository\org\springframework\spring-expression\5.0.10.RELEASE\spring-expression-5.0.10.RELEASE.jar;D:\environment\apache-maven-3.6.3\repository\org\springframework\spring-tx\5.0.10.RELEASE\spring-tx-5.0.10.RELEASE.jar;D:\environment\apache-maven-3.6.3\repository\org\springframework\spring-web\5.0.10.RELEASE\spring-web-5.0.10.RELEASE.jar;D:\environment\apache-maven-3.6.3\repository\com\fasterxml\jackson\core\jackson-databind\2.9.5\jackson-databind-2.9.5.jar;D:\environment\apache-maven-3.6.3\repository\com\fasterxml\jackson\core\jackson-annotations\2.9.0\jackson-annotations-2.9.0.jar;D:\environment\apache-maven-3.6.3\repository\com\fasterxml\jackson\core\jackson-core\2.9.7\jackson-core-2.9.7.jar;D:\environment\apache-maven-3.6.3\repository\com\alibaba\fastjson\1.2.21\fastjson-1.2.21.jar;D:\environment\apache-maven-3.6.3\repository\org\springframework\boot\spring-boot-starter-test\2.0.6.RELEASE\spring-boot-starter-test-2.0.6.RELEASE.jar;D:\environment\apache-maven-3.6.3\repository\org\springframework\boot\spring-boot-test\2.0.6.RELEASE\spring-boot-test-2.0.6.RELEASE.jar;D:\environment\apache-maven-3.6.3\repository\org\springframework\boot\spring-boot-test-autoconfigure\2.0.6.RELEASE\spring-boot-test-autoconfigure-2.0.6.RELEASE.jar;D:\environment\apache-maven-3.6.3\repository\com\jayway\jsonpath\json-path\2.4.0\json-path-2.4.0.jar;D:\environment\apache-maven-3.6.3\repository\net\minidev\json-smart\2.3\json-smart-2.3.jar;D:\environment\apache-maven-3.6.3\repository\net\minidev\accessors-smart\1.2\accessors-smart-1.2.jar;D:\environment\apache-maven-3.6.3\repository\org\ow2\asm\asm\5.0.4\asm-5.0.4.jar;D:\environment\apache-maven-3.6.3\repository\org\slf4j\slf4j-api\1.7.25\slf4j-api-1.7.25.jar;D:\environment\apache-maven-3.6.3\repository\junit\junit\4.12\junit-4.12.jar;D:\environment\apache-maven-3.6.3\repository\org\assertj\assertj-core\3.9.1\assertj-core-3.9.1.jar;D:\environment\apache-maven-3.6.3\repository\org\mockito\mockito-core\2.15.0\mockito-core-2.15.0.jar;D:\environment\apache-maven-3.6.3\repository\net\bytebuddy\byte-buddy\1.7.11\byte-buddy-1.7.11.jar;D:\environment\apache-maven-3.6.3\repository\net\bytebuddy\byte-buddy-agent\1.7.11\byte-buddy-agent-1.7.11.jar;D:\environment\apache-maven-3.6.3\repository\org\objenesis\objenesis\2.6\objenesis-2.6.jar;D:\environment\apache-maven-3.6.3\repository\org\hamcrest\hamcrest-core\1.3\hamcrest-core-1.3.jar;D:\environment\apache-maven-3.6.3\repository\org\hamcrest\hamcrest-library\1.3\hamcrest-library-1.3.jar;D:\environment\apache-maven-3.6.3\repository\org\skyscreamer\jsonassert\1.5.0\jsonassert-1.5.0.jar;D:\environment\apache-maven-3.6.3\repository\com\vaadin\external\google\android-json\0.0.20131108.vaadin1\android-json-0.0.20131108.vaadin1.jar;D:\environment\apache-maven-3.6.3\repository\org\springframework\spring-core\5.0.10.RELEASE\spring-core-5.0.10.RELEASE.jar;D:\environment\apache-maven-3.6.3\repository\org\springframework\spring-jcl\5.0.10.RELEASE\spring-jcl-5.0.10.RELEASE.jar;D:\environment\apache-maven-3.6.3\repository\org\springframework\spring-test\5.0.10.RELEASE\spring-test-5.0.10.RELEASE.jar;D:\environment\apache-maven-3.6.3\repository\org\xmlunit\xmlunit-core\2.5.1\xmlunit-core-2.5.1.jar;"/>
    <property name="java.vm.vendor" value="Azul Systems, Inc."/>
    <property name="sun.arch.data.model" value="64"/>
    <property name="user.variant" value=""/>
    <property name="java.vendor.url" value="http://www.azul.com/"/>
    <property name="user.timezone" value=""/>
    <property name="java.vm.specification.version" value="1.8"/>
    <property name="os.name" value="Windows 10"/>
    <property name="user.country" value="CN"/>
    <property name="sun.java.launcher" value="SUN_STANDARD"/>
    <property name="sun.boot.library.path" value="D:\environment\zulu8.62.0.19-ca-jdk8.0.332-win_x64\jre\bin"/>
    <property name="sun.java.command" value="C:\Users\suncong\AppData\Local\Temp\surefire4158015683536324468\surefirebooter5891015313210241597.jar C:\Users\suncong\AppData\Local\Temp\surefire4158015683536324468 2022-10-11T21-30-12_129-jvmRun1 surefire9149696454269102387tmp surefire_06738748392498732721tmp"/>
    <property name="surefire.test.class.path" value="C:\Users\suncong\Desktop\RabbitMQ-代码\springboot-project\springboot-rabbit-consumer\target\test-classes;C:\Users\suncong\Desktop\RabbitMQ-代码\springboot-project\springboot-rabbit-consumer\target\classes;D:\environment\apache-maven-3.6.3\repository\org\springframework\boot\spring-boot-starter-amqp\2.0.6.RELEASE\spring-boot-starter-amqp-2.0.6.RELEASE.jar;D:\environment\apache-maven-3.6.3\repository\org\springframework\boot\spring-boot-starter\2.0.6.RELEASE\spring-boot-starter-2.0.6.RELEASE.jar;D:\environment\apache-maven-3.6.3\repository\org\springframework\boot\spring-boot\2.0.6.RELEASE\spring-boot-2.0.6.RELEASE.jar;D:\environment\apache-maven-3.6.3\repository\org\springframework\boot\spring-boot-autoconfigure\2.0.6.RELEASE\spring-boot-autoconfigure-2.0.6.RELEASE.jar;D:\environment\apache-maven-3.6.3\repository\org\springframework\boot\spring-boot-starter-logging\2.0.6.RELEASE\spring-boot-starter-logging-2.0.6.RELEASE.jar;D:\environment\apache-maven-3.6.3\repository\ch\qos\logback\logback-classic\1.2.3\logback-classic-1.2.3.jar;D:\environment\apache-maven-3.6.3\repository\ch\qos\logback\logback-core\1.2.3\logback-core-1.2.3.jar;D:\environment\apache-maven-3.6.3\repository\org\apache\logging\log4j\log4j-to-slf4j\2.10.0\log4j-to-slf4j-2.10.0.jar;D:\environment\apache-maven-3.6.3\repository\org\apache\logging\log4j\log4j-api\2.10.0\log4j-api-2.10.0.jar;D:\environment\apache-maven-3.6.3\repository\org\slf4j\jul-to-slf4j\1.7.25\jul-to-slf4j-1.7.25.jar;D:\environment\apache-maven-3.6.3\repository\javax\annotation\javax.annotation-api\1.3.2\javax.annotation-api-1.3.2.jar;D:\environment\apache-maven-3.6.3\repository\org\yaml\snakeyaml\1.19\snakeyaml-1.19.jar;D:\environment\apache-maven-3.6.3\repository\org\springframework\spring-messaging\5.0.10.RELEASE\spring-messaging-5.0.10.RELEASE.jar;D:\environment\apache-maven-3.6.3\repository\org\springframework\spring-beans\5.0.10.RELEASE\spring-beans-5.0.10.RELEASE.jar;D:\environment\apache-maven-3.6.3\repository\org\springframework\amqp\spring-rabbit\2.0.8.RELEASE\spring-rabbit-2.0.8.RELEASE.jar;D:\environment\apache-maven-3.6.3\repository\org\springframework\amqp\spring-amqp\2.0.8.RELEASE\spring-amqp-2.0.8.RELEASE.jar;D:\environment\apache-maven-3.6.3\repository\org\springframework\retry\spring-retry\1.2.2.RELEASE\spring-retry-1.2.2.RELEASE.jar;D:\environment\apache-maven-3.6.3\repository\com\rabbitmq\amqp-client\5.4.3\amqp-client-5.4.3.jar;D:\environment\apache-maven-3.6.3\repository\org\springframework\spring-context\5.0.10.RELEASE\spring-context-5.0.10.RELEASE.jar;D:\environment\apache-maven-3.6.3\repository\org\springframework\spring-aop\5.0.10.RELEASE\spring-aop-5.0.10.RELEASE.jar;D:\environment\apache-maven-3.6.3\repository\org\springframework\spring-expression\5.0.10.RELEASE\spring-expression-5.0.10.RELEASE.jar;D:\environment\apache-maven-3.6.3\repository\org\springframework\spring-tx\5.0.10.RELEASE\spring-tx-5.0.10.RELEASE.jar;D:\environment\apache-maven-3.6.3\repository\org\springframework\spring-web\5.0.10.RELEASE\spring-web-5.0.10.RELEASE.jar;D:\environment\apache-maven-3.6.3\repository\com\fasterxml\jackson\core\jackson-databind\2.9.5\jackson-databind-2.9.5.jar;D:\environment\apache-maven-3.6.3\repository\com\fasterxml\jackson\core\jackson-annotations\2.9.0\jackson-annotations-2.9.0.jar;D:\environment\apache-maven-3.6.3\repository\com\fasterxml\jackson\core\jackson-core\2.9.7\jackson-core-2.9.7.jar;D:\environment\apache-maven-3.6.3\repository\com\alibaba\fastjson\1.2.21\fastjson-1.2.21.jar;D:\environment\apache-maven-3.6.3\repository\org\springframework\boot\spring-boot-starter-test\2.0.6.RELEASE\spring-boot-starter-test-2.0.6.RELEASE.jar;D:\environment\apache-maven-3.6.3\repository\org\springframework\boot\spring-boot-test\2.0.6.RELEASE\spring-boot-test-2.0.6.RELEASE.jar;D:\environment\apache-maven-3.6.3\repository\org\springframework\boot\spring-boot-test-autoconfigure\2.0.6.RELEASE\spring-boot-test-autoconfigure-2.0.6.RELEASE.jar;D:\environment\apache-maven-3.6.3\repository\com\jayway\jsonpath\json-path\2.4.0\json-path-2.4.0.jar;D:\environment\apache-maven-3.6.3\repository\net\minidev\json-smart\2.3\json-smart-2.3.jar;D:\environment\apache-maven-3.6.3\repository\net\minidev\accessors-smart\1.2\accessors-smart-1.2.jar;D:\environment\apache-maven-3.6.3\repository\org\ow2\asm\asm\5.0.4\asm-5.0.4.jar;D:\environment\apache-maven-3.6.3\repository\org\slf4j\slf4j-api\1.7.25\slf4j-api-1.7.25.jar;D:\environment\apache-maven-3.6.3\repository\junit\junit\4.12\junit-4.12.jar;D:\environment\apache-maven-3.6.3\repository\org\assertj\assertj-core\3.9.1\assertj-core-3.9.1.jar;D:\environment\apache-maven-3.6.3\repository\org\mockito\mockito-core\2.15.0\mockito-core-2.15.0.jar;D:\environment\apache-maven-3.6.3\repository\net\bytebuddy\byte-buddy\1.7.11\byte-buddy-1.7.11.jar;D:\environment\apache-maven-3.6.3\repository\net\bytebuddy\byte-buddy-agent\1.7.11\byte-buddy-agent-1.7.11.jar;D:\environment\apache-maven-3.6.3\repository\org\objenesis\objenesis\2.6\objenesis-2.6.jar;D:\environment\apache-maven-3.6.3\repository\org\hamcrest\hamcrest-core\1.3\hamcrest-core-1.3.jar;D:\environment\apache-maven-3.6.3\repository\org\hamcrest\hamcrest-library\1.3\hamcrest-library-1.3.jar;D:\environment\apache-maven-3.6.3\repository\org\skyscreamer\jsonassert\1.5.0\jsonassert-1.5.0.jar;D:\environment\apache-maven-3.6.3\repository\com\vaadin\external\google\android-json\0.0.20131108.vaadin1\android-json-0.0.20131108.vaadin1.jar;D:\environment\apache-maven-3.6.3\repository\org\springframework\spring-core\5.0.10.RELEASE\spring-core-5.0.10.RELEASE.jar;D:\environment\apache-maven-3.6.3\repository\org\springframework\spring-jcl\5.0.10.RELEASE\spring-jcl-5.0.10.RELEASE.jar;D:\environment\apache-maven-3.6.3\repository\org\springframework\spring-test\5.0.10.RELEASE\spring-test-5.0.10.RELEASE.jar;D:\environment\apache-maven-3.6.3\repository\org\xmlunit\xmlunit-core\2.5.1\xmlunit-core-2.5.1.jar;"/>
    <property name="sun.cpu.endian" value="little"/>
    <property name="user.home" value="C:\Users\suncong"/>
    <property name="user.language" value="zh"/>
    <property name="java.specification.vendor" value="Oracle Corporation"/>
    <property name="java.home" value="D:\environment\zulu8.62.0.19-ca-jdk8.0.332-win_x64\jre"/>
    <property name="basedir" value="C:\Users\suncong\Desktop\RabbitMQ-代码\springboot-project\springboot-rabbit-consumer"/>
    <property name="file.separator" value="\"/>
    <property name="line.separator" value="&#10;"/>
    <property name="jdk.vendor.version" value="Zulu 8.62.0.19-CA-win64"/>
    <property name="java.vm.specification.vendor" value="Oracle Corporation"/>
    <property name="java.specification.name" value="Java Platform API Specification"/>
    <property name="java.awt.graphicsenv" value="sun.awt.Win32GraphicsEnvironment"/>
    <property name="surefire.real.class.path" value="C:\Users\suncong\AppData\Local\Temp\surefire4158015683536324468\surefirebooter5891015313210241597.jar"/>
    <property name="sun.boot.class.path" value="D:\environment\zulu8.62.0.19-ca-jdk8.0.332-win_x64\jre\lib\resources.jar;D:\environment\zulu8.62.0.19-ca-jdk8.0.332-win_x64\jre\lib\rt.jar;D:\environment\zulu8.62.0.19-ca-jdk8.0.332-win_x64\jre\lib\sunrsasign.jar;D:\environment\zulu8.62.0.19-ca-jdk8.0.332-win_x64\jre\lib\jsse.jar;D:\environment\zulu8.62.0.19-ca-jdk8.0.332-win_x64\jre\lib\jce.jar;D:\environment\zulu8.62.0.19-ca-jdk8.0.332-win_x64\jre\lib\charsets.jar;D:\environment\zulu8.62.0.19-ca-jdk8.0.332-win_x64\jre\lib\jfr.jar;D:\environment\zulu8.62.0.19-ca-jdk8.0.332-win_x64\jre\lib\cat.jar;D:\environment\zulu8.62.0.19-ca-jdk8.0.332-win_x64\jre\classes"/>
    <property name="user.script" value=""/>
    <property name="sun.management.compiler" value="HotSpot 64-Bit Tiered Compilers"/>
    <property name="java.runtime.version" value="1.8.0_332-b09"/>
    <property name="user.name" value="suncong"/>
    <property name="path.separator" value=";"/>
    <property name="os.version" value="10.0"/>
    <property name="java.endorsed.dirs" value="D:\environment\zulu8.62.0.19-ca-jdk8.0.332-win_x64\jre\lib\endorsed"/>
    <property name="java.runtime.name" value="OpenJDK Runtime Environment"/>
    <property name="file.encoding" value="GBK"/>
    <property name="java.vm.name" value="OpenJDK 64-Bit Server VM"/>
    <property name="localRepository" value="D:\environment\apache-maven-3.6.3\repository"/>
    <property name="java.vendor.url.bug" value="http://www.azul.com/support/"/>
    <property name="java.io.tmpdir" value="C:\Users\suncong\AppData\Local\Temp\"/>
    <property name="idea.version" value="2021.2.3"/>
    <property name="java.version" value="1.8.0_332"/>
    <property name="user.dir" value="C:\Users\suncong\Desktop\RabbitMQ-代码\springboot-project\springboot-rabbit-consumer"/>
    <property name="os.arch" value="amd64"/>
    <property name="java.vm.specification.name" value="Java Virtual Machine Specification"/>
    <property name="java.awt.printerjob" value="sun.awt.windows.WPrinterJob"/>
    <property name="sun.os.patch.level" value=""/>
    <property name="java.library.path" value="D:\environment\zulu8.62.0.19-ca-jdk8.0.332-win_x64\jre\bin;C:\Windows\Sun\Java\bin;C:\Windows\system32;C:\Windows;D:\environment\MinGW\bin;C:\Windows\system32;C:\Windows\System32\Wbem;C:\Windows\System32\OpenSSH;C:\Program Files (x86)\NVIDIA Corporation\PhysX\Common;C:\Windows\System32\WindowsPowerShell\v1.0;C:\Program Files\Git\cmd;D:\environment\zulu8.62.0.19-ca-jdk8.0.332-win_x64\bin;D:\environment\apache-maven-3.6.3\bin;D:\environment\nodejs\;D:\environment\redis5.0.10;C:\Program Files (x86)\Tencent\微信web开发者工具\dll;C:\Program Files\Bandizip\;D:\environment\go\bin;C:\Program Files\dotnet\;D:\environment\erl-23.3\bin;C:\Users\suncong\AppData\Local\Programs\Python\Python39\Scripts\;C:\Users\suncong\AppData\Local\Programs\Python\Python39\;C:\Users\suncong\AppData\Local\Microsoft\WindowsApps;;C:\Users\suncong\AppData\Local\Programs\Microsoft VS Code\bin;C:\Users\suncong\AppData\Roaming\npm;C:\Users\suncong\go\bin;C:\Users\suncong\.dotnet\tools;C:\Program Files\JetBrains\PyCharm 2020.2.5\bin;;C:\Program Files\JetBrains\CLion 2021.2.4\bin;;C:\Program Files\mitmproxy\bin;."/>
    <property name="java.vm.info" value="mixed mode"/>
    <property name="java.vendor" value="Azul Systems, Inc."/>
    <property name="java.vm.version" value="25.332-b09"/>
    <property name="java.ext.dirs" value="D:\environment\zulu8.62.0.19-ca-jdk8.0.332-win_x64\jre\lib\ext;C:\Windows\Sun\Java\lib\ext"/>
    <property name="sun.io.unicode.encoding" value="UnicodeLittle"/>
    <property name="maven.repo.local" value="D:\environment\apache-maven-3.6.3\repository"/>
    <property name="java.class.version" value="52.0"/>
  </properties>
  <testcase name="contextLoads" classname="com.gupaoedu.AppTests" time="0.061"/>
</testsuite>